#
# A fatal error has been detected by the Java Runtime Environment:
#
#  EXCEPTION_ACCESS_VIOLATION (0xc0000005) at pc=0xffffffffa3915120, pid=9336, tid=6908
#
# JRE version: Java(TM) SE Runtime Environment (8.0_31-b13) (build 1.8.0_31-b13)
# Java VM: Java HotSpot(TM) 64-Bit Server VM (25.31-b07 mixed mode windows-amd64 compressed oops)
# Problematic frame:
# C  0xffffffffa3915120
#
# Failed to write core dump. Minidumps are not enabled by default on client versions of Windows
#
# If you would like to submit a bug report, please visit:
#   http://bugreport.java.com/bugreport/crash.jsp
#

---------------  T H R E A D  ---------------

Current thread (0x00000000020de000):  JavaThread "main" [_thread_in_Java, id=6908, stack(0x0000000002540000,0x0000000002640000)]

siginfo: ExceptionCode=0xc0000005, ExceptionInformation=0x0000000000000008 0xffffffffa3915120

Registers:
RAX=0x0000000054a3d260, RBX=0x0000000054a3d260, RCX=0x00000000eb3111f0, RDX=0x00000000eb3111f0
RSP=0x000000000263e988, RBP=0x000000000263e9e0, RSI=0x0000000000000001, RDI=0x0000000000000001
R8 =0x0000000000000034, R9 =0x000000001482cdc8, R10=0x0000000056ed6270, R11=0x0000000002aa18a0
R12=0x0000000000000000, R13=0x000000000263e998, R14=0x00000000147fef50, R15=0x00000000020de000
RIP=0xffffffffa3915120, EFLAGS=0x0000000000010206

Top of Stack: (sp=0x000000000263e988)
0x000000000263e988:   0000000002917860 0000000002917860
0x000000000263e998:   00000000eb3111f0 000000000263e9a0
0x000000000263e9a8:   0000000054c92ef2 000000000263ea08
0x000000000263e9b8:   0000000054c96d28 0000000054cc3e68
0x000000000263e9c8:   0000000054c92f40 000000000263e998
0x000000000263e9d8:   000000000263ea00 000000000263ea50
0x000000000263e9e8:   0000000002917a01 00000000eb2fa3e8
0x000000000263e9f8:   00000000eb3111f0 00000000eb3111e0
0x000000000263ea08:   00000000eb2f22f0 000000000263ea10
0x000000000263ea18:   0000000054cbc6f3 000000000263ea98
0x000000000263ea28:   0000000054cbce80 0000000000000000
0x000000000263ea38:   0000000054cbc818 000000000263ea00
0x000000000263ea48:   000000000263ea98 000000000263eae0
0x000000000263ea58:   0000000002917a01 0000000000000000
0x000000000263ea68:   0000000000000000 0000000000000000
0x000000000263ea78:   0000000000000000 0000000000000000 

Instructions: (pc=0xffffffffa3915120)
0xffffffffa3915100:   
[error occurred during error reporting (printing registers, top of stack, instructions near pc), id 0xc0000005]

Register to memory mapping:

RAX={method} {0x0000000054a3d268} 'next' '()Ljava/lang/Object;' in 'java/util/ArrayList$Itr'
RBX={method} {0x0000000054a3d268} 'next' '()Ljava/lang/Object;' in 'java/util/ArrayList$Itr'
RCX=0x00000000eb3111f0 is an oop
java.util.ArrayList$Itr 
 - klass: 'java/util/ArrayList$Itr'
RDX=0x00000000eb3111f0 is an oop
java.util.ArrayList$Itr 
 - klass: 'java/util/ArrayList$Itr'
RSP=0x000000000263e988 is pointing into the stack for thread: 0x00000000020de000
RBP=0x000000000263e9e0 is pointing into the stack for thread: 0x00000000020de000
RSI=0x0000000000000001 is an unknown value
RDI=0x0000000000000001 is an unknown value
R8 =0x0000000000000034 is an unknown value
R9 =0x000000001482cdc8 is pointing into metadata
R10=0x0000000056ed6270 is an unknown value
R11=0x0000000002aa18a0 is at entry_point+32 in (nmethod*)0x0000000002aa16d0
R12=0x0000000000000000 is an unknown value
R13=0x000000000263e998 is pointing into the stack for thread: 0x00000000020de000
R14=0x00000000147fef50 is pointing into metadata
R15=0x00000000020de000 is a thread


Stack: [0x0000000002540000,0x0000000002640000],  sp=0x000000000263e988,  free space=1018k
Native frames: (J=compiled Java code, j=interpreted, Vv=VM code, C=native code)
C  0xffffffffa3915120


---------------  P R O C E S S  ---------------

Java Threads: ( => current thread )
  0x00000000575d1800 JavaThread "Service Thread" daemon [_thread_blocked, id=9296, stack(0x0000000056fa0000,0x00000000570a0000)]
  0x00000000575cf800 JavaThread "C1 CompilerThread2" daemon [_thread_blocked, id=9472, stack(0x0000000057a70000,0x0000000057b70000)]
  0x00000000551ad000 JavaThread "C2 CompilerThread1" daemon [_thread_blocked, id=9540, stack(0x0000000057480000,0x0000000057580000)]
  0x00000000551a5800 JavaThread "C2 CompilerThread0" daemon [_thread_blocked, id=4712, stack(0x0000000057310000,0x0000000057410000)]
  0x00000000551a2000 JavaThread "Attach Listener" daemon [_thread_blocked, id=9580, stack(0x00000000570a0000,0x00000000571a0000)]
  0x00000000551a1000 JavaThread "Signal Dispatcher" daemon [_thread_blocked, id=3488, stack(0x0000000056560000,0x0000000056660000)]
  0x000000005513f000 JavaThread "Finalizer" daemon [_thread_blocked, id=8120, stack(0x00000000560c0000,0x00000000561c0000)]
  0x000000005513b800 JavaThread "Reference Handler" daemon [_thread_blocked, id=9236, stack(0x00000000563b0000,0x00000000564b0000)]
=>0x00000000020de000 JavaThread "main" [_thread_in_Java, id=6908, stack(0x0000000002540000,0x0000000002640000)]

Other Threads:
  0x0000000055138000 VMThread [stack: 0x0000000056240000,0x0000000056340000] [id=7088]
  0x00000000575d7000 WatcherThread [stack: 0x0000000057be0000,0x0000000057ce0000] [id=10180]

VM state:synchronizing (normal execution)

VM Mutex/Monitor currently owned by a thread:  ([mutex/lock_event])
[0x00000000020dc440] Safepoint_lock - owner thread: 0x0000000055138000
[0x00000000020dc4c0] Threads_lock - owner thread: 0x0000000055138000

Heap:
 PSYoungGen      total 38400K, used 8676K [0x00000000eab00000, 0x00000000ed580000, 0x0000000100000000)
  eden space 33280K, 26% used [0x00000000eab00000,0x00000000eb3792a8,0x00000000ecb80000)
  from space 5120K, 0% used [0x00000000ed080000,0x00000000ed080000,0x00000000ed580000)
  to   space 5120K, 0% used [0x00000000ecb80000,0x00000000ecb80000,0x00000000ed080000)
 ParOldGen       total 87552K, used 0K [0x00000000c0000000, 0x00000000c5580000, 0x00000000eab00000)
  object space 87552K, 0% used [0x00000000c0000000,0x00000000c0000000,0x00000000c5580000)
 Metaspace       used 5072K, capacity 6352K, committed 6528K, reserved 1056768K
  class space    used 535K, capacity 584K, committed 640K, reserved 1048576K

Card table byte_map: [0x0000000011cd0000,0x0000000011ee0000] byte_map_base: 0x00000000116d0000

Marking Bits: (ParMarkBitMap*) 0x0000000056eed4f0
 Begin Bits: [0x00000000125b0000, 0x00000000135b0000)
 End Bits:   [0x00000000135b0000, 0x00000000145b0000)

Polling page: 0x0000000000340000

CodeCache: size=245760Kb used=2185Kb max_used=2196Kb free=243574Kb
 bounds [0x0000000002910000, 0x0000000002b80000, 0x0000000011910000]
 total_blobs=781 nmethods=525 adapters=171
 compilation: enabled

Compilation events (10 events):
Event: 1.501 Thread 0x00000000575cf800  521       1       com.android.dx.rop.code.CstInsn::getConstant (5 bytes)
Event: 1.501 Thread 0x00000000575cf800 nmethod 521 0x0000000002b2e890 code [0x0000000002b2e9e0, 0x0000000002b2eaf0]
Event: 1.501 Thread 0x00000000575cf800  522       3       com.android.dx.ssa.SCCP::simulateStmt (481 bytes)
Event: 1.503 Thread 0x00000000575cf800 nmethod 522 0x0000000002b2eb50 code [0x0000000002b2ee80, 0x0000000002b30d78]
Event: 1.504 Thread 0x00000000551ad000  523       4       java.util.ArrayList$Itr::next (66 bytes)
Event: 1.504 Thread 0x00000000575cf800  524       3       com.android.dx.ssa.SsaMethod$2::visitNonMoveInsn (6 bytes)
Event: 1.505 Thread 0x00000000575cf800 nmethod 524 0x0000000002b31e50 code [0x0000000002b31fc0, 0x0000000002b32148]
Event: 1.505 Thread 0x00000000575cf800  525       3       com.android.dx.ssa.SsaMethod$1::visitNonMoveInsn (26 bytes)
Event: 1.505 Thread 0x00000000575cf800 nmethod 525 0x0000000002b321d0 code [0x0000000002b32340, 0x0000000002b327f0]
Event: 1.505 Thread 0x00000000551ad000 nmethod 523 0x0000000002b35690 code [0x0000000002b357e0, 0x0000000002b358b8]

GC Heap History (0 events):
No events

Deoptimization events (0 events):
No events

Internal exceptions (10 events):
Event: 1.452 Thread 0x00000000020de000 Exception <a 'java/security/PrivilegedActionException'> (0x00000000eb28fcb8) thrown at [C:\workspace\8-2-build-windows-amd64-cygwin\jdk8u31\2394\hotspot\src\share\vm\prims\jvm.cpp, line 1312]
Event: 1.453 Thread 0x00000000020de000 Exception <a 'java/security/PrivilegedActionException'> (0x00000000eb2931b8) thrown at [C:\workspace\8-2-build-windows-amd64-cygwin\jdk8u31\2394\hotspot\src\share\vm\prims\jvm.cpp, line 1312]
Event: 1.453 Thread 0x00000000020de000 Exception <a 'java/security/PrivilegedActionException'> (0x00000000eb297e48) thrown at [C:\workspace\8-2-build-windows-amd64-cygwin\jdk8u31\2394\hotspot\src\share\vm\prims\jvm.cpp, line 1312]
Event: 1.454 Thread 0x00000000020de000 Exception <a 'java/security/PrivilegedActionException'> (0x00000000eb29dfd0) thrown at [C:\workspace\8-2-build-windows-amd64-cygwin\jdk8u31\2394\hotspot\src\share\vm\prims\jvm.cpp, line 1312]
Event: 1.454 Thread 0x00000000020de000 Exception <a 'java/security/PrivilegedActionException'> (0x00000000eb2a0e08) thrown at [C:\workspace\8-2-build-windows-amd64-cygwin\jdk8u31\2394\hotspot\src\share\vm\prims\jvm.cpp, line 1312]
Event: 1.455 Thread 0x00000000020de000 Exception <a 'java/security/PrivilegedActionException'> (0x00000000eb2a71b8) thrown at [C:\workspace\8-2-build-windows-amd64-cygwin\jdk8u31\2394\hotspot\src\share\vm\prims\jvm.cpp, line 1312]
Event: 1.457 Thread 0x00000000020de000 Exception <a 'java/security/PrivilegedActionException'> (0x00000000eb2b03f8) thrown at [C:\workspace\8-2-build-windows-amd64-cygwin\jdk8u31\2394\hotspot\src\share\vm\prims\jvm.cpp, line 1312]
Event: 1.457 Thread 0x00000000020de000 Exception <a 'java/security/PrivilegedActionException'> (0x00000000eb2b4960) thrown at [C:\workspace\8-2-build-windows-amd64-cygwin\jdk8u31\2394\hotspot\src\share\vm\prims\jvm.cpp, line 1312]
Event: 1.459 Thread 0x00000000020de000 Exception <a 'java/security/PrivilegedActionException'> (0x00000000eb2b80f0) thrown at [C:\workspace\8-2-build-windows-amd64-cygwin\jdk8u31\2394\hotspot\src\share\vm\prims\jvm.cpp, line 1312]
Event: 1.463 Thread 0x00000000020de000 Exception <a 'java/security/PrivilegedActionException'> (0x00000000eb2bb0b0) thrown at [C:\workspace\8-2-build-windows-amd64-cygwin\jdk8u31\2394\hotspot\src\share\vm\prims\jvm.cpp, line 1312]

Events (10 events):
Event: 1.457 loading class com/android/dx/dex/file/StringIdItem
Event: 1.457 loading class com/android/dx/dex/file/StringIdItem done
Event: 1.457 loading class com/android/dx/dex/file/StringDataItem
Event: 1.457 loading class com/android/dx/dex/file/StringDataItem done
Event: 1.459 loading class com/android/dx/rop/annotation/AnnotationsList
Event: 1.459 loading class com/android/dx/rop/annotation/AnnotationsList done
Event: 1.462 loading class com/android/dx/dex/file/MethodIdItem
Event: 1.462 loading class com/android/dx/dex/file/MethodIdItem done
Event: 1.483 loading class java/util/DualPivotQuicksort
Event: 1.483 loading class java/util/DualPivotQuicksort done


Dynamic libraries:
0x000000013f990000 - 0x000000013f9c4000 	C:\Program Files\Java\jdk1.8.0_31\bin\java.exe
0x0000000076cb0000 - 0x0000000076e58000 	C:\Windows\SYSTEM32\ntdll.dll
0x0000000076710000 - 0x000000007682f000 	C:\Windows\system32\kernel32.dll
0x000007fefc160000 - 0x000007fefc1cc000 	C:\Windows\system32\KERNELBASE.dll
0x000007fefdbe0000 - 0x000007fefdcbb000 	C:\Windows\system32\ADVAPI32.dll
0x000007fefdcc0000 - 0x000007fefdd5f000 	C:\Windows\system32\msvcrt.dll
0x000007fefd510000 - 0x000007fefd52f000 	C:\Windows\SYSTEM32\sechost.dll
0x000007fefdab0000 - 0x000007fefdbdd000 	C:\Windows\system32\RPCRT4.dll
0x0000000076bb0000 - 0x0000000076caa000 	C:\Windows\system32\USER32.dll
0x000007fefd530000 - 0x000007fefd597000 	C:\Windows\system32\GDI32.dll
0x000007fefd5d0000 - 0x000007fefd5de000 	C:\Windows\system32\LPK.dll
0x000007fefc520000 - 0x000007fefc5e9000 	C:\Windows\system32\USP10.dll
0x000007fefac50000 - 0x000007fefae44000 	C:\Windows\WinSxS\amd64_microsoft.windows.common-controls_6595b64144ccf1df_6.0.7601.17514_none_fa396087175ac9ac\COMCTL32.dll
0x000007fefc420000 - 0x000007fefc491000 	C:\Windows\system32\SHLWAPI.dll
0x000007fefd5a0000 - 0x000007fefd5ce000 	C:\Windows\system32\IMM32.DLL
0x000007fefc670000 - 0x000007fefc779000 	C:\Windows\system32\MSCTF.dll
0x0000000058970000 - 0x0000000058a42000 	C:\Program Files\Java\jdk1.8.0_31\jre\bin\msvcr100.dll
0x0000000056710000 - 0x0000000056f6a000 	C:\Program Files\Java\jdk1.8.0_31\jre\bin\server\jvm.dll
0x000007fef7df0000 - 0x000007fef7df9000 	C:\Windows\system32\WSOCK32.dll
0x000007fefc610000 - 0x000007fefc65d000 	C:\Windows\system32\WS2_32.dll
0x000007fefc660000 - 0x000007fefc668000 	C:\Windows\system32\NSI.dll
0x000007fef9ab0000 - 0x000007fef9aeb000 	C:\Windows\system32\WINMM.dll
0x0000000076e80000 - 0x0000000076e87000 	C:\Windows\system32\PSAPI.DLL
0x00000000674e0000 - 0x00000000674ef000 	C:\Program Files\Java\jdk1.8.0_31\jre\bin\verify.dll
0x00000000674b0000 - 0x00000000674d8000 	C:\Program Files\Java\jdk1.8.0_31\jre\bin\java.dll
0x0000000067490000 - 0x00000000674a6000 	C:\Program Files\Java\jdk1.8.0_31\jre\bin\zip.dll
0x000007fefc780000 - 0x000007fefd509000 	C:\Windows\system32\SHELL32.dll
0x000007fefd8a0000 - 0x000007fefdaa3000 	C:\Windows\system32\ole32.dll
0x000007fefc050000 - 0x000007fefc05f000 	C:\Windows\system32\profapi.dll
0x000007fee2c10000 - 0x000007fee2d35000 	C:\Windows\system32\dbghelp.dll

VM Arguments:
jvm_args: -Xmx1024M -Dfile.encoding=windows-1252 -Duser.country=US -Duser.language=en -Duser.variant 
java_command: com.android.dx.command.Main --dex --output C:\Users\Matt\AndroidstudioProjects\SpeedRead\app\build\intermediates\pre-dexed\debug\classes-78e76c27e4863e4f8310fa3a15d89268038d4dde.jar C:\Users\Matt\AndroidstudioProjects\SpeedRead\app\build\intermediates\exploded-aar\com.google.android.gms\play-services-cast\7.3.0\classes.jar
java_class_path (initial): C:\Users\Matt\AppData\Local\Android\sdk\build-tools\21.1.2\lib\dx.jar
Launcher Type: SUN_STANDARD

Environment Variables:
JAVA_HOME=C:\Program Files\Java\jdk1.7.0_21\
PATH=C:\Program Files\Common Files\Microsoft Shared\Windows Live;C:\Program Files (x86)\Common Files\Microsoft Shared\Windows Live;C:\ProgramData\Oracle\Java\javapath;C:\Program Files (x86)\NVIDIA Corporation\PhysX\Common;C:\Windows\system32;C:\Windows;C:\Windows\System32\Wbem;C:\Windows\System32\WindowsPowerShell\v1.0\;C:\Program Files (x86)\Calibre2\;C:\Program Files\Microsoft\Web Platform Installer\;C:\Program Files (x86)\Microsoft ASP.NET\ASP.NET Web Pages\v1.0\;C:\Program Files (x86)\Windows Kits\8.0\Windows Performance Toolkit\;C:\Program Files\Microsoft SQL Server\110\Tools\Binn\;C:\Program Files (x86)\MySQL\MySQL Utilities 1.3.6\;C:\Program Files (x86)\nodejs\;C:\Program Files (x86)\GNU\GnuPG\pub;C:\Program Files (x86)\QuickTime\QTSystem\;C:\Program Files (x86)\Windows Live\Shared;C:\Program Files\Calibre2\;C:\HashiCorp\Vagrant\bin;C:\Program Files\Java\jdk1.8.0_31\bin
USERNAME=Matt
OS=Windows_NT
PROCESSOR_IDENTIFIER=Intel64 Family 6 Model 23 Stepping 10, GenuineIntel



---------------  S Y S T E M  ---------------

OS: Windows 7 , 64 bit Build 7601 Service Pack 1

CPU:total 4 (4 cores per cpu, 1 threads per core) family 6 model 23 stepping 10, cmov, cx8, fxsr, mmx, sse, sse2, sse3, ssse3, sse4.1, tsc

Memory: 4k page, physical 8387128k(1415060k free), swap 16772404k(4912780k free)

vm_info: Java HotSpot(TM) 64-Bit Server VM (25.31-b07) for windows-amd64 JRE (1.8.0_31-b13), built on Dec 17 2014 21:00:28 by "java_re" with MS VC++ 10.0 (VS2010)

time: Wed May 06 22:11:00 2015
elapsed time: 9 seconds (0d 0h 0m 9s)

